Using pre-set license
Built from '2020.3/staging' branch; Version is '2020.3.38f1 (8f5fde82e2dc) revision 9396190'; Using compiler version '192528614'; Build Type 'Release'
OS: 'Windows 10  (10.0.19045) 64bit ProfessionalWorkstation' Language: 'en' Physical Memory: 63592 MB
BatchMode: 1, IsHumanControllingUs: 0, StartBugReporterOnCrash: 0, Is64bit: 1, IsPro: 0

COMMAND LINE ARGUMENTS:
C:\Program Files\Unity\Hub\Editor\2020.3.38f1\Editor\Unity.exe
-adb2
-batchMode
-noUpm
-name
AssetImportWorker0
-projectPath
D:/Roulette Github/Roulette-new/casino-roullete-game
-logFile
Logs/AssetImportWorker0.log
-srvPort
60558
Successfully changed project path to: D:/Roulette Github/Roulette-new/casino-roullete-game
D:/Roulette Github/Roulette-new/casino-roullete-game
Using Asset Import Pipeline V2.
Refreshing native plugins compatible for Editor in 110.66 ms, found 5 plugins.
Preloading 0 native plugins for Editor in 0.00 ms.
Initialize engine version: 2020.3.38f1 (8f5fde82e2dc)
[Subsystems] Discovering subsystems at path C:/Program Files/Unity/Hub/Editor/2020.3.38f1/Editor/Data/Resources/UnitySubsystems
[Subsystems] Discovering subsystems at path D:/Roulette Github/Roulette-new/casino-roullete-game/Assets
GfxDevice: creating device client; threaded=0
Direct3D:
    Version:  Direct3D 11.0 [level 11.0]
    Renderer: NVIDIA GeForce GTX 750 Ti (ID=0x1380)
    Vendor:   
    VRAM:     2006 MB
    Driver:   31.0.15.2647
Initialize mono
Mono path[0] = 'C:/Program Files/Unity/Hub/Editor/2020.3.38f1/Editor/Data/Managed'
Mono path[1] = 'C:/Program Files/Unity/Hub/Editor/2020.3.38f1/Editor/Data/MonoBleedingEdge/lib/mono/unityjit'
Mono config path = 'C:/Program Files/Unity/Hub/Editor/2020.3.38f1/Editor/Data/MonoBleedingEdge/etc'
Using monoOptions --debugger-agent=transport=dt_socket,embedding=1,server=y,suspend=n,address=127.0.0.1:56816
Begin MonoManager ReloadAssembly
Registering precompiled unity dll's ...
Register platform support module: C:/Program Files/Unity/Hub/Editor/2020.3.38f1/Editor/Data/PlaybackEngines/WindowsStandaloneSupport/UnityEditor.WindowsStandalone.Extensions.dll
Registered in 0.006827 seconds.
Native extension for WindowsStandalone target not found
Refreshing native plugins compatible for Editor in 107.51 ms, found 5 plugins.
Preloading 0 native plugins for Editor in 0.00 ms.
Mono: successfully reloaded assembly
- Completed reload, in  1.045 seconds
Domain Reload Profiling:
	ReloadAssembly (1045ms)
		BeginReloadAssembly (116ms)
			ExecutionOrderSort (0ms)
			DisableScriptedObjects (0ms)
			BackupInstance (0ms)
			ReleaseScriptingObjects (0ms)
			CreateAndSetChildDomain (1ms)
		EndReloadAssembly (818ms)
			LoadAssemblies (112ms)
			RebuildTransferFunctionScriptingTraits (0ms)
			SetupTypeCache (319ms)
			ReleaseScriptCaches (0ms)
			RebuildScriptCaches (46ms)
			SetupLoadedEditorAssemblies (296ms)
				LogAssemblyErrors (0ms)
				InitializePlatformSupportModulesInManaged (9ms)
				SetLoadedEditorAssemblies (0ms)
				RefreshPlugins (108ms)
				BeforeProcessingInitializeOnLoad (19ms)
				ProcessInitializeOnLoadAttributes (117ms)
				ProcessInitializeOnLoadMethodAttributes (42ms)
				AfterProcessingInitializeOnLoad (0ms)
				EditorAssembliesLoaded (0ms)
			ExecutionOrderSort2 (0ms)
			AwakeInstancesAfterBackupRestoration (0ms)
Platform modules already initialized, skipping
Registering precompiled user dll's ...
Registered in 0.154501 seconds.
Begin MonoManager ReloadAssembly
Symbol file data-000001A465A64C20 doesn't match image D:\Roulette Github\Roulette-new\casino-roullete-game\Library\ScriptAssemblies\Assembly-CSharp-firstpass.dll
Symbol file LoadedFromMemory is not a mono symbol file
Symbol file data-000001A46B182430 doesn't match image D:\Roulette Github\Roulette-new\casino-roullete-game\Library\ScriptAssemblies\Assembly-CSharp.dll
Symbol file LoadedFromMemory is not a mono symbol file
Symbol file data-000001A468F2C850 doesn't match image D:\Roulette Github\Roulette-new\casino-roullete-game\Library\ScriptAssemblies\Assembly-CSharp-Editor-firstpass.dll
Symbol file LoadedFromMemory is not a mono symbol file
Symbol file data-000001A464F6FD20 doesn't match image D:\Roulette Github\Roulette-new\casino-roullete-game\Library\ScriptAssemblies\Assembly-CSharp-Editor.dll
Symbol file LoadedFromMemory is not a mono symbol file
Symbol file data-000001A46AF49B70 doesn't match image D:\Roulette Github\Roulette-new\casino-roullete-game\Library\ScriptAssemblies\PhotonChat.dll
Symbol file LoadedFromMemory is not a mono symbol file
Symbol file data-000001A46999E020 doesn't match image D:\Roulette Github\Roulette-new\casino-roullete-game\Library\ScriptAssemblies\Unity.Recorder.Editor.dll
Symbol file LoadedFromMemory is not a mono symbol file
Symbol file data-000001A46AE4D020 doesn't match image D:\Roulette Github\Roulette-new\casino-roullete-game\Library\ScriptAssemblies\Purchasing.Common.dll
Symbol file LoadedFromMemory is not a mono symbol file
Symbol file data-000001A46AC0CC10 doesn't match image D:\Roulette Github\Roulette-new\casino-roullete-game\Library\ScriptAssemblies\Unity.VSCode.Editor.dll
Symbol file LoadedFromMemory is not a mono symbol file
Symbol file data-000001A46964E460 doesn't match image D:\Roulette Github\Roulette-new\casino-roullete-game\Library\ScriptAssemblies\UnityEngine.Purchasing.dll
Symbol file LoadedFromMemory is not a mono symbol file
Symbol file data-000001A46962AEE0 doesn't match image D:\Roulette Github\Roulette-new\casino-roullete-game\Library\ScriptAssemblies\UnityEngine.Purchasing.WinRTCore.dll
Symbol file LoadedFromMemory is not a mono symbol file
Symbol file data-000001A4695BB010 doesn't match image D:\Roulette Github\Roulette-new\casino-roullete-game\Library\ScriptAssemblies\Unity.TextMeshPro.Editor.dll
Symbol file LoadedFromMemory is not a mono symbol file
Symbol file data-000001A46AF49B70 doesn't match image D:\Roulette Github\Roulette-new\casino-roullete-game\Library\ScriptAssemblies\Unity.Services.Core.Telemetry.dll
Symbol file LoadedFromMemory is not a mono symbol file
Symbol file data-000001A4653D3BF0 doesn't match image D:\Roulette Github\Roulette-new\casino-roullete-game\Library\ScriptAssemblies\Unity.Services.Core.Networking.dll
Symbol file LoadedFromMemory is not a mono symbol file
Symbol file data-000001A4691BE030 doesn't match image D:\Roulette Github\Roulette-new\casino-roullete-game\Library\ScriptAssemblies\UnityEngine.Purchasing.SecurityStub.dll
Symbol file LoadedFromMemory is not a mono symbol file
Symbol file data-000001A46904A410 doesn't match image D:\Roulette Github\Roulette-new\casino-roullete-game\Library\ScriptAssemblies\UnityEngine.Advertisements.dll
Symbol file LoadedFromMemory is not a mono symbol file
Symbol file data-000001A4698783E0 doesn't match image D:\Roulette Github\Roulette-new\casino-roullete-game\Library\ScriptAssemblies\PhotonUnityNetworking.Editor.dll
Symbol file LoadedFromMemory is not a mono symbol file
Symbol file data-000001A46AB25870 doesn't match image D:\Roulette Github\Roulette-new\casino-roullete-game\Library\ScriptAssemblies\PhotonUnityNetworking.Utilities.PhotonPlayer.Editor.dll
Symbol file LoadedFromMemory is not a mono symbol file
Symbol file data-000001A4699C5540 doesn't match image D:\Roulette Github\Roulette-new\casino-roullete-game\Library\ScriptAssemblies\UnityEditor.UI.dll
Symbol file LoadedFromMemory is not a mono symbol file
Symbol file data-000001A46962AEE0 doesn't match image D:\Roulette Github\Roulette-new\casino-roullete-game\Library\ScriptAssemblies\PunDemos.DemoHubEditor.dll
Symbol file LoadedFromMemory is not a mono symbol file
Symbol file data-000001A4699C5540 doesn't match image D:\Roulette Github\Roulette-new\casino-roullete-game\Library\ScriptAssemblies\Unity.Rider.Editor.dll
Symbol file LoadedFromMemory is not a mono symbol file
Symbol file data-000001A4647A81D0 doesn't match image D:\Roulette Github\Roulette-new\casino-roullete-game\Library\ScriptAssemblies\Analytics.dll
Symbol file LoadedFromMemory is not a mono symbol file
Symbol file data-000001A46904A410 doesn't match image D:\Roulette Github\Roulette-new\casino-roullete-game\Library\ScriptAssemblies\Unity.Services.Core.Internal.dll
Symbol file LoadedFromMemory is not a mono symbol file
Symbol file data-000001A46B10DC30 doesn't match image D:\Roulette Github\Roulette-new\casino-roullete-game\Library\ScriptAssemblies\UnityEngine.SpatialTracking.dll
Symbol file LoadedFromMemory is not a mono symbol file
Symbol file data-000001A46A6A7440 doesn't match image D:\Roulette Github\Roulette-new\casino-roullete-game\Library\ScriptAssemblies\UnityEngine.UI.dll
Symbol file LoadedFromMemory is not a mono symbol file
Symbol file data-000001A468F2C850 doesn't match image D:\Roulette Github\Roulette-new\casino-roullete-game\Library\ScriptAssemblies\Unity.Services.Core.Configuration.dll
Symbol file LoadedFromMemory is not a mono symbol file
Symbol file data-000001A4647A6090 doesn't match image D:\Roulette Github\Roulette-new\casino-roullete-game\Library\ScriptAssemblies\UnityEngine.Purchasing.WinRTStub.dll
Symbol file LoadedFromMemory is not a mono symbol file
Symbol file data-000001A464F24E50 doesn't match image D:\Roulette Github\Roulette-new\casino-roullete-game\Library\ScriptAssemblies\UnityEngine.Purchasing.AppleCore.dll
Symbol file LoadedFromMemory is not a mono symbol file
Symbol file data-000001A4653D3BF0 doesn't match image D:\Roulette Github\Roulette-new\casino-roullete-game\Library\ScriptAssemblies\Unity.Analytics.DataPrivacy.dll
Symbol file LoadedFromMemory is not a mono symbol file
Symbol file data-000001A46A9F2010 doesn't match image D:\Roulette Github\Roulette-new\casino-roullete-game\Library\ScriptAssemblies\com.unity.multiplayer-hlapi.Runtime.dll
Symbol file LoadedFromMemory is not a mono symbol file
Symbol file data-000001A46A6B7450 doesn't match image D:\Roulette Github\Roulette-new\casino-roullete-game\Library\ScriptAssemblies\PhotonUnityNetworking.dll
Symbol file LoadedFromMemory is not a mono symbol file
Symbol file data-000001A465B45690 doesn't match image D:\Roulette Github\Roulette-new\casino-roullete-game\Library\ScriptAssemblies\Unity.Services.Core.Configuration.Editor.dll
Symbol file LoadedFromMemory is not a mono symbol file
Symbol file data-000001A46AE82060 doesn't match image D:\Roulette Github\Roulette-new\casino-roullete-game\Library\ScriptAssemblies\Unity.Services.Core.Registration.dll
Symbol file LoadedFromMemory is not a mono symbol file
Symbol file data-000001A469612B80 doesn't match image D:\Roulette Github\Roulette-new\casino-roullete-game\Library\ScriptAssemblies\UnityEngine.Purchasing.Codeless.dll
Symbol file LoadedFromMemory is not a mono symbol file
Symbol file data-000001A46A6B7450 doesn't match image D:\Roulette Github\Roulette-new\casino-roullete-game\Library\ScriptAssemblies\LeanTween.dll
Symbol file LoadedFromMemory is not a mono symbol file
Symbol file data-000001A477BC9AF0 doesn't match image D:\Roulette Github\Roulette-new\casino-roullete-game\Library\ScriptAssemblies\Unity.Services.Core.Environments.Internal.dll
Symbol file LoadedFromMemory is not a mono symbol file
Symbol file data-000001A46A802010 doesn't match image D:\Roulette Github\Roulette-new\casino-roullete-game\Library\ScriptAssemblies\UniRx.Examples.dll
Symbol file LoadedFromMemory is not a mono symbol file
Symbol file data-000001A46974A840 doesn't match image D:\Roulette Github\Roulette-new\casino-roullete-game\Library\ScriptAssemblies\Unity.CollabProxy.Editor.dll
Symbol file LoadedFromMemory is not a mono symbol file
Symbol file data-000001A465706A50 doesn't match image D:\Roulette Github\Roulette-new\casino-roullete-game\Library\ScriptAssemblies\Unity.Services.Core.Threading.dll
Symbol file LoadedFromMemory is not a mono symbol file
Symbol file data-000001A46964E460 doesn't match image D:\Roulette Github\Roulette-new\casino-roullete-game\Library\ScriptAssemblies\UnityEngine.Monetization.dll
Symbol file LoadedFromMemory is not a mono symbol file
Symbol file data-000001A46AECF2A0 doesn't match image D:\Roulette Github\Roulette-new\casino-roullete-game\Library\ScriptAssemblies\EditMode.dll
Symbol file LoadedFromMemory is not a mono symbol file
Symbol file data-000001A46A8F4980 doesn't match image D:\Roulette Github\Roulette-new\casino-roullete-game\Library\ScriptAssemblies\UnityEngine.Purchasing.AppleStub.dll
Symbol file LoadedFromMemory is not a mono symbol file
Symbol file data-000001A46A802010 doesn't match image D:\Roulette Github\Roulette-new\casino-roullete-game\Library\ScriptAssemblies\UnityEngine.Advertisements.DevX.Editor.dll
Symbol file LoadedFromMemory is not a mono symbol file
Symbol file data-000001A4692E2300 doesn't match image D:\Roulette Github\Roulette-new\casino-roullete-game\Library\ScriptAssemblies\PunDemos.DemoSlotcarEditor.dll
Symbol file LoadedFromMemory is not a mono symbol file
Symbol file data-000001A465706A50 doesn't match image D:\Roulette Github\Roulette-new\casino-roullete-game\Library\ScriptAssemblies\Unity.Recorder.dll
Symbol file LoadedFromMemory is not a mono symbol file
Symbol file data-000001A4653D3BF0 doesn't match image D:\Roulette Github\Roulette-new\casino-roullete-game\Library\ScriptAssemblies\PhotonUnityNetworking.Utilities.Culling.Editor.dll
Symbol file LoadedFromMemory is not a mono symbol file
Symbol file data-000001A46974A840 doesn't match image D:\Roulette Github\Roulette-new\casino-roullete-game\Library\ScriptAssemblies\Unity.2D.Tilemap.Editor.dll
Symbol file LoadedFromMemory is not a mono symbol file
Symbol file data-000001A468E54AC0 doesn't match image D:\Roulette Github\Roulette-new\casino-roullete-game\Library\ScriptAssemblies\Unity.Recorder.Base.dll
Symbol file LoadedFromMemory is not a mono symbol file
Symbol file data-000001A46904A410 doesn't match image D:\Roulette Github\Roulette-new\casino-roullete-game\Library\ScriptAssemblies\com.unity.multiplayer-hlapi.Editor.dll
Symbol file LoadedFromMemory is not a mono symbol file
Symbol file data-000001A469752850 doesn't match image D:\Roulette Github\Roulette-new\casino-roullete-game\Library\ScriptAssemblies\Scripts.dll
Symbol file LoadedFromMemory is not a mono symbol file
Symbol file data-000001A46A8F3740 doesn't match image D:\Roulette Github\Roulette-new\casino-roullete-game\Library\ScriptAssemblies\UnityEngine.Purchasing.AppleMacosStub.dll
Symbol file LoadedFromMemory is not a mono symbol file
Symbol file data-000001A4693AC640 doesn't match image D:\Roulette Github\Roulette-new\casino-roullete-game\Library\ScriptAssemblies\Unity.VisualStudio.Editor.dll
Symbol file LoadedFromMemory is not a mono symbol file
Symbol file data-000001A46A86C060 doesn't match image D:\Roulette Github\Roulette-new\casino-roullete-game\Library\ScriptAssemblies\Unity.Timeline.dll
Symbol file LoadedFromMemory is not a mono symbol file
Symbol file data-000001A46B3255F0 doesn't match image D:\Roulette Github\Roulette-new\casino-roullete-game\Library\ScriptAssemblies\Unity.Services.Analytics.Editor.dll
Symbol file LoadedFromMemory is not a mono symbol file
Symbol file data-000001A46A86C060 doesn't match image D:\Roulette Github\Roulette-new\casino-roullete-game\Library\ScriptAssemblies\Unity.TextMeshPro.dll
Symbol file LoadedFromMemory is not a mono symbol file
Symbol file data-000001A469752850 doesn't match image D:\Roulette Github\Roulette-new\casino-roullete-game\Library\ScriptAssemblies\Unity.Services.Analytics.dll
Symbol file LoadedFromMemory is not a mono symbol file
Symbol file data-000001A46A8A4680 doesn't match image D:\Roulette Github\Roulette-new\casino-roullete-game\Library\ScriptAssemblies\Unity.2D.Sprite.Editor.dll
Symbol file LoadedFromMemory is not a mono symbol file
Symbol file data-000001A46A452010 doesn't match image D:\Roulette Github\Roulette-new\casino-roullete-game\Library\ScriptAssemblies\Unity.PlasticSCM.Editor.dll
Symbol file LoadedFromMemory is not a mono symbol file
Symbol file data-000001A46A8A4680 doesn't match image D:\Roulette Github\Roulette-new\casino-roullete-game\Library\ScriptAssemblies\PhotonRealtime.dll
Symbol file LoadedFromMemory is not a mono symbol file
Symbol file data-000001A469752850 doesn't match image D:\Roulette Github\Roulette-new\casino-roullete-game\Library\ScriptAssemblies\com.unity.multiplayer-weaver.Editor.dll
Symbol file LoadedFromMemory is not a mono symbol file
Symbol file data-000001A469752850 doesn't match image D:\Roulette Github\Roulette-new\casino-roullete-game\Library\ScriptAssemblies\PhotonUnityNetworking.Utilities.dll
Symbol file LoadedFromMemory is not a mono symbol file
Symbol file data-000001A469652470 doesn't match image D:\Roulette Github\Roulette-new\casino-roullete-game\Library\ScriptAssemblies\Unity.Services.Core.dll
Symbol file LoadedFromMemory is not a mono symbol file
Symbol file data-000001A469924020 doesn't match image D:\Roulette Github\Roulette-new\casino-roullete-game\Library\ScriptAssemblies\UniRx.dll
Symbol file LoadedFromMemory is not a mono symbol file
Symbol file data-000001A469752850 doesn't match image D:\Roulette Github\Roulette-new\casino-roullete-game\Library\ScriptAssemblies\Unity.Services.Core.Editor.dll
Symbol file LoadedFromMemory is not a mono symbol file
Symbol file data-000001A464F29950 doesn't match image D:\Roulette Github\Roulette-new\casino-roullete-game\Library\ScriptAssemblies\Unity.Services.Core.Analytics.dll
Symbol file LoadedFromMemory is not a mono symbol file
Symbol file data-000001A4692E2300 doesn't match image D:\Roulette Github\Roulette-new\casino-roullete-game\Library\ScriptAssemblies\UnityEngine.Purchasing.SecurityCore.dll
Symbol file LoadedFromMemory is not a mono symbol file
Symbol file data-000001A46B383270 doesn't match image D:\Roulette Github\Roulette-new\casino-roullete-game\Library\ScriptAssemblies\UnityEngine.XR.LegacyInputHelpers.dll
Symbol file LoadedFromMemory is not a mono symbol file
Symbol file data-000001A477BC9AF0 doesn't match image D:\Roulette Github\Roulette-new\casino-roullete-game\Library\ScriptAssemblies\Unity.Services.Core.Environments.dll
Symbol file LoadedFromMemory is not a mono symbol file
Symbol file data-000001A468F4A100 doesn't match image D:\Roulette Github\Roulette-new\casino-roullete-game\Library\ScriptAssemblies\Unity.Services.Core.Scheduler.dll
Symbol file LoadedFromMemory is not a mono symbol file
Symbol file data-000001A469924020 doesn't match image D:\Roulette Github\Roulette-new\casino-roullete-game\Library\ScriptAssemblies\Unity.Timeline.Editor.dll
Symbol file LoadedFromMemory is not a mono symbol file
Symbol file data-000001A469924020 doesn't match image D:\Roulette Github\Roulette-new\casino-roullete-game\Library\ScriptAssemblies\PhotonUnityNetworking.Demos.dll
Symbol file LoadedFromMemory is not a mono symbol file
Symbol file data-000001A46994C030 doesn't match image D:\Roulette Github\Roulette-new\casino-roullete-game\Library\ScriptAssemblies\UnityEngine.Purchasing.Stores.dll
Symbol file LoadedFromMemory is not a mono symbol file
Symbol file data-000001A469758060 doesn't match image D:\Roulette Github\Roulette-new\casino-roullete-game\Library\ScriptAssemblies\UnityEditor.XR.LegacyInputHelpers.dll
Symbol file LoadedFromMemory is not a mono symbol file
Symbol file data-000001A46A49BE50 doesn't match image D:\Roulette Github\Roulette-new\casino-roullete-game\Library\ScriptAssemblies\UnityEditor.Purchasing.dll
Symbol file LoadedFromMemory is not a mono symbol file
Symbol file data-000001A46A8FCFF0 doesn't match image D:\Roulette Github\Roulette-new\casino-roullete-game\Library\ScriptAssemblies\UnityEditor.SpatialTracking.dll
Symbol file LoadedFromMemory is not a mono symbol file
Symbol file data-000001A468F2C850 doesn't match image D:\Roulette Github\Roulette-new\casino-roullete-game\Library\ScriptAssemblies\UnityEngine.Advertisements.Editor.dll
Symbol file LoadedFromMemory is not a mono symbol file
Symbol file data-000001A46AC0AA70 doesn't match image D:\Roulette Github\Roulette-new\casino-roullete-game\Library\ScriptAssemblies\Tests.dll
Symbol file LoadedFromMemory is not a mono symbol file
Symbol file data-000001A465A64010 doesn't match image D:\Roulette Github\Roulette-new\casino-roullete-game\Library\ScriptAssemblies\Unity.Services.Core.Device.dll
Symbol file LoadedFromMemory is not a mono symbol file
Native extension for WindowsStandalone target not found
Refreshing native plugins compatible for Editor in 1.26 ms, found 5 plugins.
Preloading 0 native plugins for Editor in 0.00 ms.
Mono: successfully reloaded assembly
- Completed reload, in  1.702 seconds
Domain Reload Profiling:
	ReloadAssembly (1703ms)
		BeginReloadAssembly (226ms)
			ExecutionOrderSort (0ms)
			DisableScriptedObjects (5ms)
			BackupInstance (0ms)
			ReleaseScriptingObjects (0ms)
			CreateAndSetChildDomain (25ms)
		EndReloadAssembly (1395ms)
			LoadAssemblies (207ms)
			RebuildTransferFunctionScriptingTraits (0ms)
			SetupTypeCache (520ms)
			ReleaseScriptCaches (1ms)
			RebuildScriptCaches (58ms)
			SetupLoadedEditorAssemblies (500ms)
				LogAssemblyErrors (0ms)
				InitializePlatformSupportModulesInManaged (7ms)
				SetLoadedEditorAssemblies (1ms)
				RefreshPlugins (1ms)
				BeforeProcessingInitializeOnLoad (146ms)
				ProcessInitializeOnLoadAttributes (253ms)
				ProcessInitializeOnLoadMethodAttributes (83ms)
				AfterProcessingInitializeOnLoad (9ms)
				EditorAssembliesLoaded (0ms)
			ExecutionOrderSort2 (0ms)
			AwakeInstancesAfterBackupRestoration (2ms)
Platform modules already initialized, skipping
========================================================================
Worker process is ready to serve import requests
Launched and connected shader compiler UnityShaderCompiler.exe after 0.11 seconds
Refreshing native plugins compatible for Editor in 1.04 ms, found 5 plugins.
Preloading 0 native plugins for Editor in 0.00 ms.
Unloading 3214 Unused Serialized files (Serialized files now loaded: 0)
System memory in use before: 141.6 MB.
System memory in use after: 141.8 MB.

Unloading 76 unused Assets to reduce memory usage. Loaded Objects now: 3627.
Total: 6.845200 ms (FindLiveObjects: 0.240600 ms CreateObjectMapping: 0.121200 ms MarkObjects: 6.404600 ms  DeleteObjects: 0.077700 ms)

AssetImportParameters requested are different than current active one (requested -> active):
  custom:framework-win-MediaFoundation: 216162199b28c13a410421893ffa2e32 -> 
  custom:video-decoder-ogg-theora: a1e56fd34408186e4bbccfd4996cb3dc -> 
  custom:container-muxer-webm: aa71ff27fc2769a1b78a27578f13a17b -> 
  custom:container-demuxer-webm: 4f35f7cbe854078d1ac9338744f61a02 -> 
  custom:container-demuxer-ogg: 62fdf1f143b41e24485cea50d1cbac27 -> 
  custom:video-encoder-webm-vp8: eb34c28f22e8b96e1ab97ce403110664 -> 
  custom:video-decoder-webm-vp8: 9c59270c3fd7afecdb556c50c9e8de78 -> 
  custom:audio-decoder-ogg-vorbis: bf7c407c2cedff20999df2af8eb42d56 -> 
  custom:audio-encoder-webm-vorbis: bf7c407c2cedff20999df2af8eb42d56 -> 
========================================================================
Received Import Request.
  path: Assets/New UI.prefab
  artifactKey: Guid(e593508ddaad90d4e8668727d36b3a57) Importer(815301076,1909f56bfc062723c751e8b465ee728b)
Start importing Assets/New UI.prefab using Guid(e593508ddaad90d4e8668727d36b3a57) Importer(815301076,1909f56bfc062723c751e8b465ee728b)  -> (artifact id: '17096f4b0e9bb61d3733b3aa58afa408') in 0.160979 seconds 
========================================================================
Received Import Request.
  Time since last request: 0.000383 seconds.
  path: Assets/loading.jpg
  artifactKey: Guid(acdccc88aba6316449a3a76c88374054) Importer(815301076,1909f56bfc062723c751e8b465ee728b)
Start importing Assets/loading.jpg using Guid(acdccc88aba6316449a3a76c88374054) Importer(815301076,1909f56bfc062723c751e8b465ee728b)  -> (artifact id: '6d510109a793c2d4446a396efe80f91f') in 0.143843 seconds 
AssetImportWorkerClient::OnTransportError - code=2 error=End of file
